mode: set
github.com/matiasdls1/backpack-bcgow6-matias-delaserna/go-testing-challenge/internal/products/repository.go:9.33,11.2 1 1
github.com/matiasdls1/backpack-bcgow6-matias-delaserna/go-testing-challenge/internal/products/repository.go:13.73,22.2 3 1
github.com/matiasdls1/backpack-bcgow6-matias-delaserna/go-testing-challenge/internal/products/service.go:13.42,17.2 1 1
github.com/matiasdls1/backpack-bcgow6-matias-delaserna/go-testing-challenge/internal/products/service.go:19.70,21.16 2 1
github.com/matiasdls1/backpack-bcgow6-matias-delaserna/go-testing-challenge/internal/products/service.go:25.2,25.18 1 1
github.com/matiasdls1/backpack-bcgow6-matias-delaserna/go-testing-challenge/internal/products/service.go:21.16,24.3 2 0
github.com/matiasdls1/backpack-bcgow6-matias-delaserna/go-testing-challenge/internal/products/handler.go:11.37,15.2 1 1
github.com/matiasdls1/backpack-bcgow6-matias-delaserna/go-testing-challenge/internal/products/handler.go:17.49,19.20 2 1
github.com/matiasdls1/backpack-bcgow6-matias-delaserna/go-testing-challenge/internal/products/handler.go:23.2,24.16 2 1
github.com/matiasdls1/backpack-bcgow6-matias-delaserna/go-testing-challenge/internal/products/handler.go:28.2,28.25 1 1
github.com/matiasdls1/backpack-bcgow6-matias-delaserna/go-testing-challenge/internal/products/handler.go:19.20,22.3 2 1
github.com/matiasdls1/backpack-bcgow6-matias-delaserna/go-testing-challenge/internal/products/handler.go:24.16,27.3 2 0
