mode: set
github.com/matiasdls1/backpack-bcgow6-matias-delaserna/go-testing/clase2tm/internal/transactions/repository.go:47.47,51.2 1 1
github.com/matiasdls1/backpack-bcgow6-matias-delaserna/go-testing/clase2tm/internal/transactions/repository.go:53.71,55.16 2 1
github.com/matiasdls1/backpack-bcgow6-matias-delaserna/go-testing/clase2tm/internal/transactions/repository.go:58.2,58.26 1 1
github.com/matiasdls1/backpack-bcgow6-matias-delaserna/go-testing/clase2tm/internal/transactions/repository.go:55.16,57.3 1 0
github.com/matiasdls1/backpack-bcgow6-matias-delaserna/go-testing/clase2tm/internal/transactions/repository.go:61.127,64.16 3 0
github.com/matiasdls1/backpack-bcgow6-matias-delaserna/go-testing/clase2tm/internal/transactions/repository.go:67.2,69.40 3 0
github.com/matiasdls1/backpack-bcgow6-matias-delaserna/go-testing/clase2tm/internal/transactions/repository.go:72.2,72.16 1 0
github.com/matiasdls1/backpack-bcgow6-matias-delaserna/go-testing/clase2tm/internal/transactions/repository.go:64.16,66.3 1 0
github.com/matiasdls1/backpack-bcgow6-matias-delaserna/go-testing/clase2tm/internal/transactions/repository.go:69.40,71.3 1 0
github.com/matiasdls1/backpack-bcgow6-matias-delaserna/go-testing/clase2tm/internal/transactions/repository.go:75.44,78.16 3 0
github.com/matiasdls1/backpack-bcgow6-matias-delaserna/go-testing/clase2tm/internal/transactions/repository.go:81.2,81.19 1 0
github.com/matiasdls1/backpack-bcgow6-matias-delaserna/go-testing/clase2tm/internal/transactions/repository.go:85.2,85.32 1 0
github.com/matiasdls1/backpack-bcgow6-matias-delaserna/go-testing/clase2tm/internal/transactions/repository.go:78.16,80.3 1 0
github.com/matiasdls1/backpack-bcgow6-matias-delaserna/go-testing/clase2tm/internal/transactions/repository.go:81.19,83.3 1 0
github.com/matiasdls1/backpack-bcgow6-matias-delaserna/go-testing/clase2tm/internal/transactions/repository.go:88.128,93.16 5 1
github.com/matiasdls1/backpack-bcgow6-matias-delaserna/go-testing/clase2tm/internal/transactions/repository.go:96.2,96.19 1 1
github.com/matiasdls1/backpack-bcgow6-matias-delaserna/go-testing/clase2tm/internal/transactions/repository.go:99.2,99.21 1 1
github.com/matiasdls1/backpack-bcgow6-matias-delaserna/go-testing/clase2tm/internal/transactions/repository.go:107.2,107.14 1 1
github.com/matiasdls1/backpack-bcgow6-matias-delaserna/go-testing/clase2tm/internal/transactions/repository.go:110.2,110.16 1 1
github.com/matiasdls1/backpack-bcgow6-matias-delaserna/go-testing/clase2tm/internal/transactions/repository.go:93.16,95.3 1 0
github.com/matiasdls1/backpack-bcgow6-matias-delaserna/go-testing/clase2tm/internal/transactions/repository.go:96.19,98.3 1 0
github.com/matiasdls1/backpack-bcgow6-matias-delaserna/go-testing/clase2tm/internal/transactions/repository.go:99.21,100.22 1 1
github.com/matiasdls1/backpack-bcgow6-matias-delaserna/go-testing/clase2tm/internal/transactions/repository.go:100.22,104.9 4 1
github.com/matiasdls1/backpack-bcgow6-matias-delaserna/go-testing/clase2tm/internal/transactions/repository.go:107.14,109.3 1 0
github.com/matiasdls1/backpack-bcgow6-matias-delaserna/go-testing/clase2tm/internal/transactions/repository.go:113.43,118.16 5 1
github.com/matiasdls1/backpack-bcgow6-matias-delaserna/go-testing/clase2tm/internal/transactions/repository.go:121.2,121.21 1 1
github.com/matiasdls1/backpack-bcgow6-matias-delaserna/go-testing/clase2tm/internal/transactions/repository.go:128.2,128.14 1 1
github.com/matiasdls1/backpack-bcgow6-matias-delaserna/go-testing/clase2tm/internal/transactions/repository.go:132.2,133.12 2 1
github.com/matiasdls1/backpack-bcgow6-matias-delaserna/go-testing/clase2tm/internal/transactions/repository.go:118.16,120.3 1 0
github.com/matiasdls1/backpack-bcgow6-matias-delaserna/go-testing/clase2tm/internal/transactions/repository.go:121.21,122.22 1 1
github.com/matiasdls1/backpack-bcgow6-matias-delaserna/go-testing/clase2tm/internal/transactions/repository.go:122.22,125.9 3 1
github.com/matiasdls1/backpack-bcgow6-matias-delaserna/go-testing/clase2tm/internal/transactions/repository.go:128.14,131.3 1 1
github.com/matiasdls1/backpack-bcgow6-matias-delaserna/go-testing/clase2tm/internal/transactions/repository.go:136.97,140.16 4 1
github.com/matiasdls1/backpack-bcgow6-matias-delaserna/go-testing/clase2tm/internal/transactions/repository.go:143.2,143.17 1 1
github.com/matiasdls1/backpack-bcgow6-matias-delaserna/go-testing/clase2tm/internal/transactions/repository.go:150.2,150.14 1 1
github.com/matiasdls1/backpack-bcgow6-matias-delaserna/go-testing/clase2tm/internal/transactions/repository.go:153.2,153.16 1 1
github.com/matiasdls1/backpack-bcgow6-matias-delaserna/go-testing/clase2tm/internal/transactions/repository.go:140.16,142.3 1 0
github.com/matiasdls1/backpack-bcgow6-matias-delaserna/go-testing/clase2tm/internal/transactions/repository.go:143.17,147.3 3 1
github.com/matiasdls1/backpack-bcgow6-matias-delaserna/go-testing/clase2tm/internal/transactions/repository.go:150.14,152.3 1 0
github.com/matiasdls1/backpack-bcgow6-matias-delaserna/go-testing/clase2tm/internal/transactions/service.go:24.48,28.2 1 1
github.com/matiasdls1/backpack-bcgow6-matias-delaserna/go-testing/clase2tm/internal/transactions/service.go:30.51,32.16 2 1
github.com/matiasdls1/backpack-bcgow6-matias-delaserna/go-testing/clase2tm/internal/transactions/service.go:35.2,35.26 1 1
github.com/matiasdls1/backpack-bcgow6-matias-delaserna/go-testing/clase2tm/internal/transactions/service.go:32.16,34.3 1 0
github.com/matiasdls1/backpack-bcgow6-matias-delaserna/go-testing/clase2tm/internal/transactions/service.go:38.116,40.16 2 0
github.com/matiasdls1/backpack-bcgow6-matias-delaserna/go-testing/clase2tm/internal/transactions/service.go:43.2,45.16 3 0
github.com/matiasdls1/backpack-bcgow6-matias-delaserna/go-testing/clase2tm/internal/transactions/service.go:48.2,48.25 1 0
github.com/matiasdls1/backpack-bcgow6-matias-delaserna/go-testing/clase2tm/internal/transactions/service.go:40.16,42.3 1 0
github.com/matiasdls1/backpack-bcgow6-matias-delaserna/go-testing/clase2tm/internal/transactions/service.go:45.16,47.3 1 0
github.com/matiasdls1/backpack-bcgow6-matias-delaserna/go-testing/clase2tm/internal/transactions/service.go:51.125,53.2 1 1
github.com/matiasdls1/backpack-bcgow6-matias-delaserna/go-testing/clase2tm/internal/transactions/service.go:55.40,57.2 1 1
github.com/matiasdls1/backpack-bcgow6-matias-delaserna/go-testing/clase2tm/internal/transactions/service.go:59.94,61.2 1 0
